<?xml version="1.0" encoding="UTF-8"?>
<testng-results ignored="0" total="1" passed="1" failed="0" skipped="0">
  <reporter-output>
  </reporter-output>
  <suite started-at="2022-05-29T11:39:30 IST" name="Default suite" finished-at="2022-05-29T11:39:59 IST" duration-ms="28457">
    <groups>
    </groups>
    <test started-at="2022-05-29T11:39:30 IST" name="Default test" finished-at="2022-05-29T11:39:59 IST" duration-ms="28457">
      <class name="pageFactoryTestCases.OrangeHRMLoginLogoutTest">
        <test-method is-config="true" signature="launchOrangeHRM()[pri:0, instance:pageFactoryTestCases.OrangeHRMLoginLogoutTest@41e1e210]" started-at="2022-05-29T11:39:31 IST" name="launchOrangeHRM" finished-at="2022-05-29T11:39:53 IST" duration-ms="22597" status="PASS">
          <reporter-output>
          </reporter-output>
        </test-method> <!-- launchOrangeHRM -->
        <test-method signature="loginLogoutTest()[pri:0, instance:pageFactoryTestCases.OrangeHRMLoginLogoutTest@41e1e210]" started-at="2022-05-29T11:39:53 IST" name="loginLogoutTest" finished-at="2022-05-29T11:39:59 IST" duration-ms="5554" status="PASS">
          <reporter-output>
          </reporter-output>
        </test-method> <!-- loginLogoutTest -->
        <test-method is-config="true" signature="closeBrowser()[pri:0, instance:pageFactoryTestCases.OrangeHRMLoginLogoutTest@41e1e210]" started-at="2022-05-29T11:39:59 IST" name="closeBrowser" finished-at="2022-05-29T11:39:59 IST" duration-ms="272" status="PASS">
          <reporter-output>
          </reporter-output>
        </test-method> <!-- closeBrowser -->
      </class> <!-- pageFactoryTestCases.OrangeHRMLoginLogoutTest -->
    </test> <!-- Default test -->
  </suite> <!-- Default suite -->
</testng-results>
